<?xml version="1.0" encoding="UTF-8" ?>
<testsuite errors="0" failures="0" hostname="TobikJanos-PC" name="UnitTests.UnitTestLogHandler" skipped="0" tests="2" time="0.032" timestamp="2017-11-18T20:27:45">
  <properties>
    <property name="libs.jsp-compiler.javadoc" value="" />
    <property name="netbeans.autoupdate.country" value="HU" />
    <property name="javafx.binarycss" value="false" />
    <property name="javac.test.classpath" value="E:\Program Files\Java\jdk1.8.0_144\jre/lib/javaws.jar:E:\Program Files\Java\jdk1.8.0_144\jre/lib/deploy.jar:E:\Program Files\Java\jdk1.8.0_144\jre/lib/plugin.jar:E:\Program Files\NetBeans 8.2\ide\modules\ext\postgresql-9.4.1209.jar:E:\Program Files\NetBeans 8.2\ide\modules\ext\commons-io-2.5-javadoc.jar:E:\Program Files\NetBeans 8.2\ide\modules\ext\commons-io-2.5.jar:E:\Program Files\NetBeans 8.2\ide\modules\ext\postgresql-42.0.0.jar:E:\Program Files\NetBeans 8.2\platform\modules\ext\junit-4.12.jar:E:\Program Files\NetBeans 8.2\platform\modules\ext\hamcrest-core-1.3.jar:build/classes" />
    <property name="libs.jsf20.maven-pom" value="" />
    <property name="libs.DataBindingME.src" value="E:\Program Files\NetBeans 8.2\mobility\sources\netbeans_databindingme-src.zip" />
    <property name="manifest.custom.codebase" value="*" />
    <property name="libs.spring-webmvc4.0.src" value="" />
    <property name="javac.includes" value="UnitTests/UnitTestLogHandler.java" />
    <property name="ant.core.lib" value="E:\Program Files\NetBeans 8.2\extide\ant\lib\ant.jar" />
    <property name="ant.file.AutomaticDatabaseUpdater-impl" value="E:\NetBeansProjects\AutomaticDatabaseUpdater\nbproject\build-impl.xml" />
    <property name="javadoc.windowtitle" value="" />
    <property name="libs.jsp-compilation.javadoc" value="" />
    <property name="javafx.preloader.enabled" value="false" />
    <property name="user.dir" value="E:\NetBeansProjects\AutomaticDatabaseUpdater" />
    <property name="libs.javaee-api-7.0.src" value="" />
    <property name="java.vm.version" value="25.144-b01" />
    <property name="libs.DataBindingME.classpath" value="E:\Program Files\NetBeans 8.2\mobility\modules\ext\netbeans_databindingme.jar" />
    <property name="libs.j2me_common_ant.src" value="" />
    <property name="libs.MySQLDriver.classpath" value="E:\Program Files\NetBeans 8.2\ide\modules\ext\mysql-connector-java-5.1.23-bin.jar" />
    <property name="libs.eclipselinkmodelgen.src" value="" />
    <property name="javadoc.notree" value="false" />
    <property name="netbeans.autoupdate.version" value="1.23" />
    <property name="libs.javaee-web-api-6.0.classpath" value="E:\Program Files\NetBeans 8.2\enterprise\modules\ext\javaee-web-api-6.0.jar" />
    <property name="libs.DataBindingME-PIM.maven-pom" value="" />
    <property name="javac.profile.cmd.line.arg" value="" />
    <property name="jdk.home" value="E:\Program Files\Java\jdk1.8.0_144" />
    <property name="libs.javac-api.src" value="" />
    <property name="javafx.enabled" value="true" />
    <property name="javadoc.noindex" value="false" />
    <property name="libs.jpa2-persistence.classpath" value="E:\Program Files\NetBeans 8.2\java\modules\ext\hibernate4\hibernate-jpa-2.1-api-1.0.0.Final.jar" />
    <property name="sun.os.patch.level" value="Service Pack 1" />
    <property name="auxiliary.org-netbeans-modules-projectapi.issue214819_5f_fx_5f_enabled" value="true" />
    <property name="java.vm.specification.name" value="Java Virtual Machine Specification" />
    <property name="nb.show.statistics.ui" value="usageStatisticsEnabled" />
    <property name="netbeans.autoupdate.variant" value="" />
    <property name="have.tests" value="true" />
    <property name="org.xml.sax.driver" value="com.sun.org.apache.xerces.internal.jaxp.SAXParserImpl$JAXPSAXParser" />
    <property name="libs.hamcrest.classpath" value="E:\Program Files\NetBeans 8.2\platform\modules\ext\hamcrest-core-1.3.jar" />
    <property name="libs.javac-api.javadoc" value="" />
    <property name="os.name" value="Windows 7" />
    <property name="test.class" value="UnitTests.UnitTestLogHandler" />
    <property name="libs.beans-binding.classpath" value="E:\Program Files\NetBeans 8.2\java\modules\ext\beansbinding-1.2.1.jar" />
    <property name="libs.javaee-endorsed-api-7.0.maven-pom" value="" />
    <property name="ap.proc.none.internal" value="" />
    <property name="libs.DataBindingME-SVG.javadoc" value="E:\Program Files\NetBeans 8.2\mobility\modules\docs\netbeans_databindingme_svg-api.zip" />
    <property name="libs.restapi.javadoc" value="" />
    <property name="libs.JWSAntTasks.maven-pom" value="" />
    <property name="libs.jstl.classpath" value="E:\Program Files\NetBeans 8.2\enterprise\modules\ext\jstl-impl.jar;E:\Program Files\NetBeans 8.2\enterprise\modules\ext\jstl-api.jar" />
    <property name="libs.testng.src" value="" />
    <property name="javafx.preloader.project.path" value="" />
    <property name="libs.spring-webmvc3.0.src" value="" />
    <property name="libs.restapi.classpath" value="E:\Program Files\NetBeans 8.2\enterprise\modules\ext\jaxrs-2.0\javax.ws.rs-api-2.0.jar" />
    <property name="java.vendor.url.bug" value="http://bugreport.sun.com/bugreport/" />
    <property name="javafx.preloader.type" value="none" />
    <property name="libs.jaxb.maven-pom" value="" />
    <property name="os.arch" value="amd64" />
    <property name="libs.eclipselink.src" value="" />
    <property name="user.name" value="TobikJanos" />
    <property name="libs.jsf12.javadoc" value="E:\Program Files\NetBeans 8.2\enterprise\docs\javaee-doc-api.jar" />
    <property name="copylibs.rebase" value="true" />
    <property name="libs.j2me_common_ant.maven-pom" value="" />
    <property name="libs.spring-webmvc3.0.maven-pom" value="" />
    <property name="libs.swing-layout.maven-pom" value="" />
    <property name="sun.java.command" value="org.apache.tools.ant.taskdefs.optional.junit.JUnitTestRunner UnitTests.UnitTestLogHandler skipNonTests=false filtertrace=true haltOnError=false haltOnFailure=false showoutput=true outputtoformatters=true logfailedtests=true threadid=0 logtestlistenerevents=true formatter=org.apache.tools.ant.taskdefs.optional.junit.BriefJUnitResultFormatter formatter=org.apache.tools.ant.taskdefs.optional.junit.XMLJUnitResultFormatter,E:\NetBeansProjects\AutomaticDatabaseUpdater\build\test\results\TEST-UnitTests.UnitTestLogHandler.xml crashfile=E:\NetBeansProjects\AutomaticDatabaseUpdater\build\junitvmwatcher6862942359910349747.properties propsfile=E:\NetBeansProjects\AutomaticDatabaseUpdater\build\junit6764318341753196405.properties" />
    <property name="build.classes.dir" value="build/classes" />
    <property name="netbeans.accept_license_class" value="org.netbeans.license.AcceptLicense" />
    <property name="build.sysclasspath" value="ignore" />
    <property name="manifest.encoding" value="UTF-8" />
    <property name="ap.supported.internal" value="true" />
    <property name="java.failonerror" value="true" />
    <property name="libs.javaee-endorsed-api-7.0.javadoc" value="E:\Program Files\NetBeans 8.2\enterprise\docs\javaee-doc-api.jar" />
    <property name="libs.jaxws21.javadoc" value="E:\Program Files\NetBeans 8.2\java\docs\jaxws-api-doc.zip" />
    <property name="file.reference.junit-4.12.jar" value="E:\Program Files\NetBeans 8.2\platform\modules\ext\junit-4.12.jar" />
    <property name="libs.spring-webmvc4.0.javadoc" value="" />
    <property name="javafx.run.width" value="800" />
    <property name="includes" value="**" />
    <property name="file.reference.postgresql-42.0.0.jar" value="E:\Program Files\NetBeans 8.2\ide\modules\ext\postgresql-42.0.0.jar" />
    <property name="user.country" value="HU" />
    <property name="manifest.file" value="manifest.mf" />
    <property name="javadoc.encoding" value="UTF-8" />
    <property name="javac.classpath" value="E:\Program Files\Java\jdk1.8.0_144\jre/lib/javaws.jar:E:\Program Files\Java\jdk1.8.0_144\jre/lib/deploy.jar:E:\Program Files\Java\jdk1.8.0_144\jre/lib/plugin.jar:E:\Program Files\NetBeans 8.2\ide\modules\ext\postgresql-9.4.1209.jar:E:\Program Files\NetBeans 8.2\ide\modules\ext\commons-io-2.5-javadoc.jar:E:\Program Files\NetBeans 8.2\ide\modules\ext\commons-io-2.5.jar:E:\Program Files\NetBeans 8.2\ide\modules\ext\postgresql-42.0.0.jar:E:\Program Files\NetBeans 8.2\platform\modules\ext\junit-4.12.jar:E:\Program Files\NetBeans 8.2\platform\modules\ext\hamcrest-core-1.3.jar" />
    <property name="libs.jsp-compilation-syscp.src" value="" />
    <property name="libs.spring-framework400.classpath" value="E:\Program Files\NetBeans 8.2\ide\modules\org-apache-commons-logging.jar;E:\Program Files\NetBeans 8.2\java\modules\ext\cglib-2.2.jar;E:\Program Files\NetBeans 8.2\java\modules\ext\spring-4\spring-aop-4.0.1.RELEASE.jar;E:\Program Files\NetBeans 8.2\java\modules\ext\spring-4\spring-aspects-4.0.1.RELEASE.jar;E:\Program Files\NetBeans 8.2\java\modules\ext\spring-4\spring-beans-4.0.1.RELEASE.jar;E:\Program Files\NetBeans 8.2\java\modules\ext\spring-4\spring-build-src-4.0.1.RELEASE.jar;E:\Program Files\NetBeans 8.2\java\modules\ext\spring-4\spring-context-4.0.1.RELEASE.jar;E:\Program Files\NetBeans 8.2\java\modules\ext\spring-4\spring-context-support-4.0.1.RELEASE.jar;E:\Program Files\NetBeans 8.2\java\modules\ext\spring-4\spring-core-4.0.1.RELEASE.jar;E:\Program Files\NetBeans 8.2\java\modules\ext\spring-4\spring-expression-4.0.1.RELEASE.jar;E:\Program Files\NetBeans 8.2\java\modules\ext\spring-4\spring-framework-bom-4.0.1.RELEASE.jar;E:\Program Files\NetBeans 8.2\java\modules\ext\spring-4\spring-instrument-4.0.1.RELEASE.jar;E:\Program Files\NetBeans 8.2\java\modules\ext\spring-4\spring-instrument-tomcat-4.0.1.RELEASE.jar;E:\Program Files\NetBeans 8.2\java\modules\ext\spring-4\spring-jdbc-4.0.1.RELEASE.jar;E:\Program Files\NetBeans 8.2\java\modules\ext\spring-4\spring-jms-4.0.1.RELEASE.jar;E:\Program Files\NetBeans 8.2\java\modules\ext\spring-4\spring-messaging-4.0.1.RELEASE.jar;E:\Program Files\NetBeans 8.2\java\modules\ext\spring-4\spring-orm-4.0.1.RELEASE.jar;E:\Program Files\NetBeans 8.2\java\modules\ext\spring-4\spring-oxm-4.0.1.RELEASE.jar;E:\Program Files\NetBeans 8.2\java\modules\ext\spring-4\spring-test-4.0.1.RELEASE.jar;E:\Program Files\NetBeans 8.2\java\modules\ext\spring-4\spring-tx-4.0.1.RELEASE.jar;E:\Program Files\NetBeans 8.2\java\modules\ext\spring-4\spring-web-4.0.1.RELEASE.jar;E:\Program Files\NetBeans 8.2\java\modules\ext\spring-4\spring-webmvc-4.0.1.RELEASE.jar;E:\Program Files\NetBeans 8.2\java\modules\ext\spring-4\spring-webmvc-portlet-4.0.1.RELEASE.jar;E:\Program Files\NetBeans 8.2\java\modules\ext\spring-4\spring-websocket-4.0.1.RELEASE.jar" />
    <property name="debug-transport" value="dt_shmem" />
    <property name="netbeans.home" value="E:\Program Files\NetBeans 8.2\platform" />
    <property name="build.compiler.emacs" value="true" />
    <property name="libs.javaee-web-api-6.0.src" value="" />
    <property name="libs.jsp-compilation-syscp.classpath" value="E:\Program Files\NetBeans 8.2\extide\ant\lib\ant.jar;E:\Program Files\NetBeans 8.2\enterprise\modules\ext\servlet3.1-jsp2.3-api.jar;E:\Program Files\NetBeans 8.2\enterprise\modules\ext\glassfish-jspparser-4.0.jar;E:\Program Files\NetBeans 8.2\enterprise\modules\ext\jstl-impl.jar;E:\Program Files\NetBeans 8.2\enterprise\modules\ext\jsf-2_2\javax.faces.jar" />
    <property name="javafx.deploy.includeDT" value="true" />
    <property name="java.endorsed.dirs" value="E:\Program Files\Java\jdk1.8.0_144\jre\lib\endorsed" />
    <property name="libs.groovy-all.src" value="" />
    <property name="test.includes" value="UnitTests/UnitTestLogHandler.java" />
    <property name="netbeans.dynamic.classpath" value="E:\Program Files\NetBeans 8.2\platform\core\asm-all-5.0.1.jar;E:\Program Files\NetBeans 8.2\platform\core\core-base.jar;E:\Program Files\NetBeans 8.2\platform\core\core.jar;E:\Program Files\NetBeans 8.2\platform\core\org-netbeans-libs-asm.jar;E:\Program Files\NetBeans 8.2\platform\core\org-openide-filesystems-compat8.jar;E:\Program Files\NetBeans 8.2\platform\core\org-openide-filesystems.jar;E:\Program Files\NetBeans 8.2\platform\core\locale\core-base_ja.jar;E:\Program Files\NetBeans 8.2\platform\core\locale\core-base_pt_BR.jar;E:\Program Files\NetBeans 8.2\platform\core\locale\core-base_ru.jar;E:\Program Files\NetBeans 8.2\platform\core\locale\core-base_zh_CN.jar;E:\Program Files\NetBeans 8.2\platform\core\locale\core_ja.jar;E:\Program Files\NetBeans 8.2\platform\core\locale\core_pt_BR.jar;E:\Program Files\NetBeans 8.2\platform\core\locale\core_ru.jar;E:\Program Files\NetBeans 8.2\platform\core\locale\core_zh_CN.jar;E:\Program Files\NetBeans 8.2\platform\core\locale\org-netbeans-libs-asm_ja.jar;E:\Program Files\NetBeans 8.2\platform\core\locale\org-netbeans-libs-asm_pt_BR.jar;E:\Program Files\NetBeans 8.2\platform\core\locale\org-netbeans-libs-asm_ru.jar;E:\Program Files\NetBeans 8.2\platform\core\locale\org-netbeans-libs-asm_zh_CN.jar;E:\Program Files\NetBeans 8.2\platform\core\locale\org-openide-filesystems-compat8_ja.jar;E:\Program Files\NetBeans 8.2\platform\core\locale\org-openide-filesystems-compat8_pt_BR.jar;E:\Program Files\NetBeans 8.2\platform\core\locale\org-openide-filesystems-compat8_ru.jar;E:\Program Files\NetBeans 8.2\platform\core\locale\org-openide-filesystems-compat8_zh_CN.jar;E:\Program Files\NetBeans 8.2\platform\core\locale\org-openide-filesystems_ja.jar;E:\Program Files\NetBeans 8.2\platform\core\locale\org-openide-filesystems_pt_BR.jar;E:\Program Files\NetBeans 8.2\platform\core\locale\org-openide-filesystems_ru.jar;E:\Program Files\NetBeans 8.2\platform\core\locale\org-openide-filesystems_zh_CN.jar;E:\Program Files\NetBeans 8.2\nb\core\org-netbeans-upgrader.jar;E:\Program Files\NetBeans 8.2\nb\core\locale\core_nb.jar;E:\Program Files\NetBeans 8.2\nb\core\locale\core_nb_ja.jar;E:\Program Files\NetBeans 8.2\nb\core\locale\core_nb_pt_BR.jar;E:\Program Files\NetBeans 8.2\nb\core\locale\core_nb_ru.jar;E:\Program Files\NetBeans 8.2\nb\core\locale\core_nb_zh_CN.jar;E:\Program Files\NetBeans 8.2\nb\core\locale\org-netbeans-upgrader_ja.jar;E:\Program Files\NetBeans 8.2\nb\core\locale\org-netbeans-upgrader_pt_BR.jar;E:\Program Files\NetBeans 8.2\nb\core\locale\org-netbeans-upgrader_ru.jar;E:\Program Files\NetBeans 8.2\nb\core\locale\org-netbeans-upgrader_zh_CN.jar" />
    <property name="jnlp.enabled" value="false" />
    <property name="java.vm.specification.version" value="1.8" />
    <property name="libs.hibernate4-support.src" value="" />
    <property name="libs.primefaces.classpath" value="E:\Program Files\NetBeans 8.2\enterprise\modules\ext\primefaces\primefaces-5.0.jar" />
    <property name="libs.javaee-api-6.0.classpath" value="E:\Program Files\NetBeans 8.2\enterprise\modules\ext\javaee-api-6.0.jar" />
    <property name="libs.groovy-all.maven-pom" value="" />
    <property name="netbeans.productversion" value="NetBeans IDE 8.2 (Build 201609300101)" />
    <property name="javafx.preloader.class" value="" />
    <property name="libs.jaxws21.src" value="" />
    <property name="application.title" value="AutomaticDatabaseUpdater" />
    <property name="netbeans.autoupdate.language" value="hu" />
    <property name="java.vendor" value="Oracle Corporation" />
    <property name="libs.javaee-api-6.0.javadoc" value="E:\Program Files\NetBeans 8.2\enterprise\docs\javaee-doc-api.jar" />
    <property name="jar.index.metainf" value="false" />
    <property name="javac.debug" value="true" />
    <property name="javadoc.splitindex" value="true" />
    <property name="file.separator" value="\" />
    <property name="javac.includesfile.binary" value="E:\NetBeansProjects\AutomaticDatabaseUpdater\null352417136" />
    <property name="libs.junit_4.maven-pom" value="" />
    <property name="mkdist.disabled" value="false" />
    <property name="javac.test.processorpath" value="E:\Program Files\Java\jdk1.8.0_144\jre/lib/javaws.jar:E:\Program Files\Java\jdk1.8.0_144\jre/lib/deploy.jar:E:\Program Files\Java\jdk1.8.0_144\jre/lib/plugin.jar:E:\Program Files\NetBeans 8.2\ide\modules\ext\postgresql-9.4.1209.jar:E:\Program Files\NetBeans 8.2\ide\modules\ext\commons-io-2.5-javadoc.jar:E:\Program Files\NetBeans 8.2\ide\modules\ext\commons-io-2.5.jar:E:\Program Files\NetBeans 8.2\ide\modules\ext\postgresql-42.0.0.jar:E:\Program Files\NetBeans 8.2\platform\modules\ext\junit-4.12.jar:E:\Program Files\NetBeans 8.2\platform\modules\ext\hamcrest-core-1.3.jar:build/classes" />
    <property name="netbeans.buildnumber" value="201609300101" />
    <property name="libs.JWSAntTasks.javadoc" value="" />
    <property name="build.generated.sources.dir" value="build/generated-sources" />
    <property name="user.variant" value="" />
    <property name="libs.eclipselinkmodelgen.classpath" value="E:\Program Files\NetBeans 8.2\java\modules\ext\eclipselink\org.eclipse.persistence.jpa.modelgen_2.5.2.v20140319-9ad6abd.jar" />
    <property name="libs.javaee-endorsed-api-7.0.src" value="" />
    <property name="sun.java.launcher" value="SUN_STANDARD" />
    <property name="libs.hibernate4-persistencemodelgen.javadoc" value="" />
    <property name="libs.jaxb.javadoc" value="E:\Program Files\NetBeans 8.2\ide\docs\jaxb-api-doc.zip" />
    <property name="libs.struts.classpath" value="E:\Program Files\NetBeans 8.2\enterprise\modules\ext\struts\antlr-2.7.2.jar;E:\Program Files\NetBeans 8.2\enterprise\modules\ext\struts\bsf-2.3.0.jar;E:\Program Files\NetBeans 8.2\enterprise\modules\ext\struts\commons-beanutils-1.8.0.jar;E:\Program Files\NetBeans 8.2\enterprise\modules\ext\struts\commons-chain-1.2.jar;E:\Program Files\NetBeans 8.2\enterprise\modules\ext\struts\commons-digester-1.8.jar;E:\Program Files\NetBeans 8.2\enterprise\modules\ext\struts\commons-fileupload-1.1.1.jar;E:\Program Files\NetBeans 8.2\enterprise\modules\ext\struts\commons-io-1.1.jar;E:\Program Files\NetBeans 8.2\enterprise\modules\ext\struts\commons-logging-1.0.4.jar;E:\Program Files\NetBeans 8.2\enterprise\modules\ext\struts\commons-validator-1.3.1.jar;E:\Program Files\NetBeans 8.2\enterprise\modules\ext\struts\jstl-1.0.2.jar;E:\Program Files\NetBeans 8.2\enterprise\modules\ext\struts\oro-2.0.8.jar;E:\Program Files\NetBeans 8.2\enterprise\modules\ext\struts\standard-1.0.6.jar;E:\Program Files\NetBeans 8.2\enterprise\modules\ext\struts\struts-core-1.3.10.jar;E:\Program Files\NetBeans 8.2\enterprise\modules\ext\struts\struts-el-1.3.10.jar;E:\Program Files\NetBeans 8.2\enterprise\modules\ext\struts\struts-extras-1.3.10.jar;E:\Program Files\NetBeans 8.2\enterprise\modules\ext\struts\struts-faces-1.3.10.jar;E:\Program Files\NetBeans 8.2\enterprise\modules\ext\struts\struts-mailreader-dao-1.3.10.jar;E:\Program Files\NetBeans 8.2\enterprise\modules\ext\struts\struts-scripting-1.3.10.jar;E:\Program Files\NetBeans 8.2\enterprise\modules\ext\struts\struts-taglib-1.3.10.jar;E:\Program Files\NetBeans 8.2\enterprise\modules\ext\struts\struts-tiles-1.3.10.jar" />
    <property name="javac.includes.binary" value="E:\NetBeansProjects\AutomaticDatabaseUpdater\build\test\classes\UnitTests\UnitTestLogHandler.class" />
    <property name="ant.home" value="E:\Program Files\NetBeans 8.2\extide\ant" />
    <property name="libs.junit_4.src" value="E:\Program Files\NetBeans 8.2\platform\docs\junit-4.12-sources.jar" />
    <property name="javafx.run.height" value="600" />
    <property name="libs.testng.classpath" value="E:\Program Files\NetBeans 8.2\platform\modules\ext\testng-6.8.1-dist.jar" />
    <property name="libs.absolutelayout.maven-pom" value="" />
    <property name="ant.java.version" value="1.8" />
    <property name="java.library.path" value="E:\Program Files\Java\jdk1.8.0_144\jre\bin;C:\Windows\Sun\Java\bin;C:\Windows\system32;C:\Windows;C:\ProgramData\Oracle\Java\javapath;C:\Program Files (x86)\Intel\iCLS Client\;C:\Program Files\Intel\iCLS Client\;C:\Windows\system32;C:\Windows;C:\Windows\System32\Wbem;C:\Windows\System32\WindowsPowerShell\v1.0\;C:\Program Files (x86)\Intel\Intel(R) Management Engine Components\DAL;C:\Program Files\Intel\Intel(R) Management Engine Components\DAL;C:\Program Files (x86)\Intel\Intel(R) Management Engine Components\IPT;C:\Program Files\Intel\Intel(R) Management Engine Components\IPT;C:\Program Files (x86)\NVIDIA Corporation\PhysX\Common;E:\Program Files\PostgreSQL\pg96\bin;E:\Program Files\Java\jdk1.8.0_144\bin;C:\Windows\system32\config\systemprofile\.dnx\bin;C:\Program Files\Microsoft DNX\Dnvm\;C:\Program Files\Microsoft SQL Server\120\Tools\Binn\;C:\Program Files\Microsoft SQL Server\130\Tools\Binn\;E:\Program Files\Python36\Scripts\;E:\Program Files\Python36\;." />
    <property name="javadoc.author" value="false" />
    <property name="libs.metro.maven-pom" value="" />
    <property name="java.util.logging.config.class" value="org.netbeans.core.startup.TopLogging" />
    <property name="libs.spring-framework400.src" value="" />
    <property name="libs.PostgreSQLDriver.src" value="" />
    <property name="sun.arch.data.model" value="64" />
    <property name="basedir" value="E:\NetBeansProjects\AutomaticDatabaseUpdater" />
    <property name="libs.jpa20-persistence.maven-pom" value="" />
    <property name="jar.compress" value="false" />
    <property name="libs.javaee-web-api-7.0.classpath" value="E:\Program Files\NetBeans 8.2\enterprise\modules\ext\javaee-web-api-7.0.jar" />
    <property name="path.separator" value=";" />
    <property name="libs.javaee-web-api-6.0.javadoc" value="E:\Program Files\NetBeans 8.2\enterprise\docs\javaee-doc-api.jar" />
    <property name="ant.junit.enabletestlistenerevents" value="true" />
    <property name="sun.io.unicode.encoding" value="UnicodeLittle" />
    <property name="libs.jaxws21.classpath" value="E:\Program Files\NetBeans 8.2\ide\modules\ext\jaxb\jaxb-impl.jar;E:\Program Files\NetBeans 8.2\ide\modules\ext\jaxb\jaxb-xjc.jar;E:\Program Files\NetBeans 8.2\java\modules\ext\jaxws22\FastInfoset.jar;E:\Program Files\NetBeans 8.2\java\modules\ext\jaxws22\gmbal-api-only.jar;E:\Program Files\NetBeans 8.2\java\modules\ext\jaxws22\ha-api.jar;E:\Program Files\NetBeans 8.2\java\modules\ext\jaxws22\javax.mail_1.4.jar;E:\Program Files\NetBeans 8.2\java\modules\ext\jaxws22\jaxws-rt.jar;E:\Program Files\NetBeans 8.2\java\modules\ext\jaxws22\jaxws-tools.jar;E:\Program Files\NetBeans 8.2\java\modules\ext\jaxws22\management-api.jar;E:\Program Files\NetBeans 8.2\java\modules\ext\jaxws22\mimepull.jar;E:\Program Files\NetBeans 8.2\java\modules\ext\jaxws22\policy.jar;E:\Program Files\NetBeans 8.2\java\modules\ext\jaxws22\saaj-impl.jar;E:\Program Files\NetBeans 8.2\java\modules\ext\jaxws22\stax-ex.jar;E:\Program Files\NetBeans 8.2\java\modules\ext\jaxws22\stax2-api.jar;E:\Program Files\NetBeans 8.2\java\modules\ext\jaxws22\streambuffer.jar;E:\Program Files\NetBeans 8.2\java\modules\ext\jaxws22\woodstox-core-asl.jar;E:\Program Files\NetBeans 8.2\java\modules\ext\jaxws22\api\jaxws-api.jar;E:\Program Files\NetBeans 8.2\java\modules\ext\jaxws22\api\jsr181-api.jar;E:\Program Files\NetBeans 8.2\java\modules\ext\jaxws22\api\javax.annotation.jar;E:\Program Files\NetBeans 8.2\java\modules\ext\jaxws22\api\saaj-api.jar;E:\Program Files\NetBeans 8.2\ide\modules\ext\jaxb\activation.jar;E:\Program Files\NetBeans 8.2\ide\modules\ext\jaxb\api\jaxb-api.jar;E:\Program Files\NetBeans 8.2\ide\modules\ext\jaxb\api\jsr173_1.0_api.jar" />
    <property name="libs.struts.src" value="" />
    <property name="ant.file.AutomaticDatabaseUpdater" value="E:\NetBeansProjects\AutomaticDatabaseUpdater\build.xml" />
    <property name="compile.on.save" value="true" />
    <property name="apple.awt.graphics.UseQuartz" value="true" />
    <property name="user.language" value="hu" />
    <property name="testng.mode" value="testng" />
    <property name="libs.JAXB-ENDORSED.maven-pom" value="" />
    <property name="libs.eclipselink.maven-pom" value="" />
    <property name="application.vendor" value="TobikJanos" />
    <property name="test.binaryincludes" value="&lt;nothing&gt;" />
    <property name="manifest.available" value="true" />
    <property name="libs.primefaces.javadoc" value="" />
    <property name="libs.spring-framework300.maven-pom" value="" />
    <property name="run.test.classpath" value="E:\Program Files\Java\jdk1.8.0_144\jre/lib/javaws.jar:E:\Program Files\Java\jdk1.8.0_144\jre/lib/deploy.jar:E:\Program Files\Java\jdk1.8.0_144\jre/lib/plugin.jar:E:\Program Files\NetBeans 8.2\ide\modules\ext\postgresql-9.4.1209.jar:E:\Program Files\NetBeans 8.2\ide\modules\ext\commons-io-2.5-javadoc.jar:E:\Program Files\NetBeans 8.2\ide\modules\ext\commons-io-2.5.jar:E:\Program Files\NetBeans 8.2\ide\modules\ext\postgresql-42.0.0.jar:E:\Program Files\NetBeans 8.2\platform\modules\ext\junit-4.12.jar:E:\Program Files\NetBeans 8.2\platform\modules\ext\hamcrest-core-1.3.jar:build/classes:build/test/classes" />
    <property name="ant.project.invoked-targets" value="test-single" />
    <property name="test.binaryexcludes" value="" />
    <property name="libs.swing-layout.javadoc" value="E:\Program Files\NetBeans 8.2\platform\docs\swing-layout-1.0.4-doc.zip" />
    <property name="sun.java2d.dpiaware" value="true" />
    <property name="ant.file.type.AutomaticDatabaseUpdater-impl" value="file" />
    <property name="libs.hibernate4-persistence.maven-pom" value="" />
    <property name="libs.DataBindingME-SVG.classpath" value="E:\Program Files\NetBeans 8.2\mobility\modules\ext\netbeans_databindingme_svg.jar" />
    <property name="https.nonProxyHosts" value="localhost|127.0.0.1|TobikJanos-PC" />
    <property name="libs.PostgreSQLDriver.maven-pom" value="" />
    <property name="java.class.version" value="52.0" />
    <property name="libs.hibernate4-persistencemodelgen.maven-pom" value="" />
    <property name="libs.javaee-endorsed-api-6.0.src" value="" />
    <property name="libs.eclipselink.javadoc" value="E:\Program Files\NetBeans 8.2\java\modules\ext\docs\javax.persistence-2.1.0-doc.zip" />
    <property name="libs.jsp-compilation.maven-pom" value="" />
    <property name="user.properties.file" value="C:\Users\TobikJanos\AppData\Roaming\NetBeans\8.2\build.properties" />
    <property name="runtime.encoding" value="UTF-8" />
    <property name="javafx.rebase.libs" value="false" />
    <property name="libs.javac-api.maven-pom" value="" />
    <property name="file.encoding.pkg" value="sun.io" />
    <property name="sun.cpu.endian" value="little" />
    <property name="libs.JAXB-ENDORSED.javadoc" value="" />
    <property name="libs.JWSAntTasks.classpath" value="E:\Program Files\NetBeans 8.2\java\ant\extra\org-netbeans-modules-javawebstart-anttasks.jar" />
    <property name="libs.spring-webmvc4.0.maven-pom" value="" />
    <property name="libs.spring-framework300.src" value="" />
    <property name="libs.jstl.src" value="" />
    <property name="empty.dir" value="E:\NetBeansProjects\AutomaticDatabaseUpdater\build\empty" />
    <property name="javafx.deploy.backgroundupdate" value="false" />
    <property name="javafx.disable.concurrent.runs" value="false" />
    <property name="version-output" value="java version &quot;1.8" />
    <property name="test.binarytestincludes" value="" />
    <property name="libs.hibernate4-persistencemodelgen.src" value="" />
    <property name="javafx.preloader.jar.path" value="" />
    <property name="javadoc.preview" value="true" />
    <property name="libs.jpa20-persistence.javadoc" value="E:\Program Files\NetBeans 8.2\java\modules\ext\docs\javax.persistence-2.1.0-doc.zip" />
    <property name="java.home" value="E:\Program Files\Java\jdk1.8.0_144\jre" />
    <property name="libs.jsp-compilation.src" value="" />
    <property name="debug.test.classpath" value="E:\Program Files\Java\jdk1.8.0_144\jre/lib/javaws.jar:E:\Program Files\Java\jdk1.8.0_144\jre/lib/deploy.jar:E:\Program Files\Java\jdk1.8.0_144\jre/lib/plugin.jar:E:\Program Files\NetBeans 8.2\ide\modules\ext\postgresql-9.4.1209.jar:E:\Program Files\NetBeans 8.2\ide\modules\ext\commons-io-2.5-javadoc.jar:E:\Program Files\NetBeans 8.2\ide\modules\ext\commons-io-2.5.jar:E:\Program Files\NetBeans 8.2\ide\modules\ext\postgresql-42.0.0.jar:E:\Program Files\NetBeans 8.2\platform\modules\ext\junit-4.12.jar:E:\Program Files\NetBeans 8.2\platform\modules\ext\hamcrest-core-1.3.jar:build/classes:build/test/classes" />
    <property name="libs.javaee-endorsed-api-6.0.classpath" value="E:\Program Files\NetBeans 8.2\enterprise\modules\ext\javaee6-endorsed\javax.annotation.jar;E:\Program Files\NetBeans 8.2\enterprise\modules\ext\javaee6-endorsed\jaxb-api-osgi.jar;E:\Program Files\NetBeans 8.2\enterprise\modules\ext\javaee6-endorsed\webservices-api-osgi.jar" />
    <property name="libs.javaee-api-6.0.src" value="" />
    <property name="netbeans.importclass" value="org.netbeans.upgrade.AutoUpgrade" />
    <property name="ant.project.default-target" value="default" />
    <property name="annotation.processing.run.all.processors" value="true" />
    <property name="jar.archive.disabled" value="true" />
    <property name="libs.DataBindingME.maven-pom" value="" />
    <property name="libs.PostgreSQLDriver.javadoc" value="" />
    <property name="libs.restlib.classpath" value="E:\Program Files\NetBeans 8.2\enterprise\modules\ext\jersey2\ext\asm-all-repackaged-2.2.0-b21.jar;E:\Program Files\NetBeans 8.2\enterprise\modules\ext\jersey2\ext\cglib-2.2.0-b21.jar;E:\Program Files\NetBeans 8.2\enterprise\modules\ext\jersey2\ext\guava-14.0.1.jar;E:\Program Files\NetBeans 8.2\enterprise\modules\ext\jersey2\ext\hk2-api-2.2.0-b21.jar;E:\Program Files\NetBeans 8.2\enterprise\modules\ext\jersey2\ext\hk2-locator-2.2.0-b21.jar;E:\Program Files\NetBeans 8.2\enterprise\modules\ext\jersey2\ext\hk2-utils-2.2.0-b21.jar;E:\Program Files\NetBeans 8.2\enterprise\modules\ext\jersey2\ext\javax.annotation-api-1.2.jar;E:\Program Files\NetBeans 8.2\enterprise\modules\ext\jersey2\ext\javax.inject-2.2.0-b21.jar;E:\Program Files\NetBeans 8.2\enterprise\modules\ext\jersey2\ext\javax.servlet-api-3.0.1.jar;E:\Program Files\NetBeans 8.2\enterprise\modules\ext\jersey2\ext\jaxb-api-2.2.7.jar;E:\Program Files\NetBeans 8.2\enterprise\modules\ext\jersey2\ext\jersey-entity-filtering-2.5.1.jar;E:\Program Files\NetBeans 8.2\enterprise\modules\ext\jersey2\ext\jersey-media-moxy-2.5.1.jar;E:\Program Files\NetBeans 8.2\enterprise\modules\ext\jersey2\ext\org.osgi.core-4.2.0.jar;E:\Program Files\NetBeans 8.2\enterprise\modules\ext\jersey2\ext\osgi-resource-locator-1.0.1.jar;E:\Program Files\NetBeans 8.2\enterprise\modules\ext\jersey2\ext\persistence-api-1.0.jar;E:\Program Files\NetBeans 8.2\enterprise\modules\ext\jersey2\ext\validation-api-1.1.0.Final.jar;E:\Program Files\NetBeans 8.2\enterprise\modules\ext\jersey2\jersey-client.jar;E:\Program Files\NetBeans 8.2\enterprise\modules\ext\jersey2\jersey-common.jar;E:\Program Files\NetBeans 8.2\enterprise\modules\ext\jersey2\jersey-container-servlet.jar;E:\Program Files\NetBeans 8.2\enterprise\modules\ext\jersey2\jersey-container-servlet-core.jar;E:\Program Files\NetBeans 8.2\enterprise\modules\ext\jersey2\jersey-server.jar;E:\Program Files\NetBeans 8.2\java\modules\ext\eclipselink\eclipselink.jar" />
    <property name="javafx.main.class" value="automaticdatabaseupdater.AutomaticDatabaseUpdater" />
    <property name="libs.MySQLDriver.maven-pom" value="" />
    <property name="libs.hibernate4-persistence.javadoc" value="E:\Program Files\NetBeans 8.2\java\modules\ext\docs\javax.persistence-2.1.0-doc.zip" />
    <property name="javafx.application.implementation.version" value="1.0" />
    <property name="http.nonProxyHosts" value="localhost|127.0.0.1|TobikJanos-PC" />
    <property name="libs.junit_4.javadoc" value="E:\Program Files\NetBeans 8.2\platform\docs\junit-4.12-javadoc.jar" />
    <property name="libs.javaee-web-api-6.0.maven-pom" value="" />
    <property name="run.classpath" value="dist/AutomaticDatabaseUpdater.jar:E:\Program Files\Java\jdk1.8.0_144\jre/lib/javaws.jar:E:\Program Files\Java\jdk1.8.0_144\jre/lib/deploy.jar:E:\Program Files\Java\jdk1.8.0_144\jre/lib/plugin.jar:E:\Program Files\NetBeans 8.2\ide\modules\ext\postgresql-9.4.1209.jar:E:\Program Files\NetBeans 8.2\ide\modules\ext\commons-io-2.5-javadoc.jar:E:\Program Files\NetBeans 8.2\ide\modules\ext\commons-io-2.5.jar:E:\Program Files\NetBeans 8.2\ide\modules\ext\postgresql-42.0.0.jar:E:\Program Files\NetBeans 8.2\platform\modules\ext\junit-4.12.jar:E:\Program Files\NetBeans 8.2\platform\modules\ext\hamcrest-core-1.3.jar:build/classes" />
    <property name="endorsed.javafx.ant.classpath" value="." />
    <property name="jna.boot.library.name" value="jnidispatch-422" />
    <property name="libs.javaee-endorsed-api-6.0.javadoc" value="E:\Program Files\NetBeans 8.2\enterprise\docs\javaee-doc-api.jar" />
    <property name="ant.file.type.AutomaticDatabaseUpdater" value="file" />
    <property name="libs.javaee-api-7.0.classpath" value="E:\Program Files\NetBeans 8.2\enterprise\modules\ext\javaee-api-7.0.jar" />
    <property name="sun.awt.datatransfer.timeout" value="1000" />
    <property name="libs.spring-webmvc3.0.javadoc" value="" />
    <property name="libs.jpa2-persistence.maven-pom" value="" />
    <property name="annotation.processing.enabled.in.editor" value="false" />
    <property name="libs.hibernate4-support.classpath" value="E:\Program Files\NetBeans 8.2\java\modules\ext\hibernate4\antlr-2.7.7.jar;E:\Program Files\NetBeans 8.2\java\modules\ext\hibernate4\c3p0-0.9.2.1.jar;E:\Program Files\NetBeans 8.2\java\modules\ext\hibernate4\hibernate-c3p0-4.3.1.Final.jar;E:\Program Files\NetBeans 8.2\java\modules\ext\hibernate4\mchange-commons-java-0.2.3.4.jar;E:\Program Files\NetBeans 8.2\java\modules\ext\hibernate4\dom4j-1.6.1.jar;E:\Program Files\NetBeans 8.2\java\modules\ext\hibernate4\ehcache-core-2.4.3.jar;E:\Program Files\NetBeans 8.2\java\modules\ext\hibernate4\hibernate-ehcache-4.3.1.Final.jar;E:\Program Files\NetBeans 8.2\java\modules\ext\hibernate4\hibernate-core-4.3.1.Final.jar;E:\Program Files\NetBeans 8.2\java\modules\ext\hibernate4\jboss-logging-3.1.3.GA.jar;E:\Program Files\NetBeans 8.2\java\modules\ext\hibernate4\hibernate-commons-annotations-4.0.4.Final.jar;E:\Program Files\NetBeans 8.2\java\modules\ext\hibernate4\hibernate-entitymanager-4.3.1.Final.jar;E:\Program Files\NetBeans 8.2\java\modules\ext\hibernate4\javassist-3.18.1-GA.jar;E:\Program Files\NetBeans 8.2\java\modules\ext\hibernate4\jboss-transaction-api_1.2_spec-1.0.0.Final.jar;E:\Program Files\NetBeans 8.2\java\modules\ext\hibernate4\slf4j-api-1.6.1.jar;E:\Program Files\NetBeans 8.2\java\modules\ext\hibernate4\slf4j-simple-1.6.1.jar" />
    <property name="nb.native.filechooser" value="false" />
    <property name="libs.restapi.src" value="" />
    <property name="sun.management.compiler" value="HotSpot 64-Bit Tiered Compilers" />
    <property name="libs.j2me_common_ant.javadoc" value="" />
    <property name="javac.deprecation" value="false" />
    <property name="javadoc.use" value="true" />
    <property name="sun.java2d.noddraw" value="true" />
    <property name="libs.jsp-compiler.classpath" value="E:\Program Files\NetBeans 8.2\enterprise\ant\extra\jspcompile.jar" />
    <property name="javac.processorpath" value="E:\Program Files\Java\jdk1.8.0_144\jre/lib/javaws.jar:E:\Program Files\Java\jdk1.8.0_144\jre/lib/deploy.jar:E:\Program Files\Java\jdk1.8.0_144\jre/lib/plugin.jar:E:\Program Files\NetBeans 8.2\ide\modules\ext\postgresql-9.4.1209.jar:E:\Program Files\NetBeans 8.2\ide\modules\ext\commons-io-2.5-javadoc.jar:E:\Program Files\NetBeans 8.2\ide\modules\ext\commons-io-2.5.jar:E:\Program Files\NetBeans 8.2\ide\modules\ext\postgresql-42.0.0.jar:E:\Program Files\NetBeans 8.2\platform\modules\ext\junit-4.12.jar:E:\Program Files\NetBeans 8.2\platform\modules\ext\hamcrest-core-1.3.jar" />
    <property name="libs.hamcrest.maven-pom" value="" />
    <property name="javac.compilerargs" value="" />
    <property name="ant.file" value="E:\NetBeansProjects\AutomaticDatabaseUpdater\build.xml" />
    <property name="libs.beans-binding.maven-pom" value="" />
    <property name="libs.hibernate4-support.javadoc" value="E:\Program Files\NetBeans 8.2\java\modules\ext\docs\javax.persistence-2.1.0-doc.zip" />
    <property name="libs.jsf12.classpath" value="E:\Program Files\NetBeans 8.2\enterprise\modules\ext\jsf-1_2\commons-beanutils.jar;E:\Program Files\NetBeans 8.2\enterprise\modules\ext\jsf-1_2\commons-collections.jar;E:\Program Files\NetBeans 8.2\enterprise\modules\ext\jsf-1_2\commons-digester.jar;E:\Program Files\NetBeans 8.2\enterprise\modules\ext\jsf-1_2\commons-logging.jar;E:\Program Files\NetBeans 8.2\enterprise\modules\ext\jsf-1_2\jsf-api.jar;E:\Program Files\NetBeans 8.2\enterprise\modules\ext\jsf-1_2\jsf-impl.jar" />
    <property name="libs.jstl.maven-pom" value="" />
    <property name="libs.restapi.maven-pom" value="" />
    <property name="libs.beans-binding.src" value="" />
    <property name="java.vm.specification.vendor" value="Oracle Corporation" />
    <property name="libs.DataBindingME-PIM.javadoc" value="E:\Program Files\NetBeans 8.2\mobility\modules\docs\netbeans_databindingme_pim-api.zip" />
    <property name="libs.swing-layout.src" value="E:\Program Files\NetBeans 8.2\platform\docs\swing-layout-1.0.4-src.zip" />
    <property name="org.openide.major.version" value="IDE/1" />
    <property name="java.vm.name" value="Java HotSpot(TM) 64-Bit Server VM" />
    <property name="javafx.preloader.jar.filename" value="" />
    <property name="netbeans.user" value="C:\Users\TobikJanos\AppData\Roaming\NetBeans\8.2" />
    <property name="javadoc.additionalparam" value="" />
    <property name="java.io.tmpdir" value="C:\Users\TOBIKJ~1\AppData\Local\Temp\" />
    <property name="javafx.run.inbrowser.path" value="C:\Program Files (x86)\Google\Chrome\Application\chrome.exe" />
    <property name="java.vendor.url" value="http://java.oracle.com/" />
    <property name="endorsed.classpath.cmd.line.arg" value="" />
    <property name="jna.loaded" value="true" />
    <property name="junit.available" value="true" />
    <property name="libs.jsp-compiler.src" value="" />
    <property name="sun.boot.library.path" value="E:\Program Files\Java\jdk1.8.0_144\jre\bin" />
    <property name="have.sources" value="true" />
    <property name="libs.hamcrest.javadoc" value="" />
    <property name="debug.classpath" value="dist/AutomaticDatabaseUpdater.jar:E:\Program Files\Java\jdk1.8.0_144\jre/lib/javaws.jar:E:\Program Files\Java\jdk1.8.0_144\jre/lib/deploy.jar:E:\Program Files\Java\jdk1.8.0_144\jre/lib/plugin.jar:E:\Program Files\NetBeans 8.2\ide\modules\ext\postgresql-9.4.1209.jar:E:\Program Files\NetBeans 8.2\ide\modules\ext\commons-io-2.5-javadoc.jar:E:\Program Files\NetBeans 8.2\ide\modules\ext\commons-io-2.5.jar:E:\Program Files\NetBeans 8.2\ide\modules\ext\postgresql-42.0.0.jar:E:\Program Files\NetBeans 8.2\platform\modules\ext\junit-4.12.jar:E:\Program Files\NetBeans 8.2\platform\modules\ext\hamcrest-core-1.3.jar:build/classes" />
    <property name="javac.external.vm" value="false" />
    <property name="javadoc.private" value="false" />
    <property name="test.src.dir" value="test" />
    <property name="libs.jsf20.classpath" value="E:\Program Files\NetBeans 8.2\enterprise\modules\ext\jsf-2_2\javax.faces.jar" />
    <property name="ap.processors.internal" value="" />
    <property name="meta.inf.dir" value="src/META-INF" />
    <property name="javadoc.encoding.used" value="UTF-8" />
    <property name="libs.DataBindingME-SVG.src" value="E:\Program Files\NetBeans 8.2\mobility\sources\netbeans_databindingme_svg-src.zip" />
    <property name="dist.jar" value="dist/AutomaticDatabaseUpdater.jar" />
    <property name="libs.spring-framework400.maven-pom" value="" />
    <property name="java.runtime.name" value="Java(TM) SE Runtime Environment" />
    <property name="ant.project.name" value="AutomaticDatabaseUpdater" />
    <property name="netbeans.hash.code" value="unique=NB_CND_EXTIDE_GFMOD_GROOVY_JAVA_JC_MOB_PHP_WEBCOMMON_WEBEE02f9d635d-a76b-4b88-822a-7e8f789d7693_5254930e-9ad4-469c-803c-d7cab05ab926" />
    <property name="netbeans.default_userdir_root" value="C:\Users\TobikJanos\AppData\Roaming\NetBeans" />
    <property name="libs.jsp-compilation-syscp.maven-pom" value="" />
    <property name="sun.cpu.isalist" value="amd64" />
    <property name="libs.spring-framework400.javadoc" value="" />
    <property name="libs.CopyLibs.javadoc" value="" />
    <property name="org.openide.specification.version" value="6.2" />
    <property name="javafx.classpath.extension" value="E:\Program Files\Java\jdk1.8.0_144\jre/lib/javaws.jar:E:\Program Files\Java\jdk1.8.0_144\jre/lib/deploy.jar:E:\Program Files\Java\jdk1.8.0_144\jre/lib/plugin.jar" />
    <property name="libs.DataBindingME-PIM.classpath" value="E:\Program Files\NetBeans 8.2\mobility\modules\ext\netbeans_databindingme_pim.jar" />
    <property name="user.home" value="C:\Users\TobikJanos" />
    <property name="annotation.processing.processors.list" value="" />
    <property name="libs.primefaces.maven-pom" value="" />
    <property name="debug-args-line" value="-Xdebug" />
    <property name="libs.javaee-api-6.0.maven-pom" value="" />
    <property name="libs.JWSAntTasks.src" value="" />
    <property name="libs.CopyLibs.maven-pom" value="" />
    <property name="jar.index" value="false" />
    <property name="libs.absolutelayout.javadoc" value="" />
    <property name="libs.spring-framework300.javadoc" value="" />
    <property name="java.specification.name" value="Java Platform API Specification" />
    <property name="java.specification.vendor" value="Oracle Corporation" />
    <property name="libs.javac-api.classpath" value="E:\Program Files\NetBeans 8.2\java\modules\ext\nb-javac-api.jar" />
    <property name="java.version" value="1.8.0_144" />
    <property name="run.jvmargs.ide" value="" />
    <property name="javadoc.version" value="false" />
    <property name="libs.MySQLDriver.javadoc" value="" />
    <property name="org.openide.version" value="deprecated" />
    <property name="source.encoding" value="UTF-8" />
    <property name="platform.java" value="E:\Program Files\Java\jdk1.8.0_144\jre/bin/java" />
    <property name="ap.cmd.line.internal" value="" />
    <property name="libs.eclipselinkmodelgen.maven-pom" value="" />
    <property name="file.reference.commons-io-2.5-javadoc.jar" value="E:\Program Files\NetBeans 8.2\ide\modules\ext\commons-io-2.5-javadoc.jar" />
    <property name="libs.jsp-compilation-syscp.javadoc" value="" />
    <property name="ant.file.type.jfx-impl" value="file" />
    <property name="libs.eclipselinkmodelgen.javadoc" value="" />
    <property name="libs.javaee-endorsed-api-7.0.classpath" value="E:\Program Files\NetBeans 8.2\enterprise\modules\ext\javaee7-endorsed\javax.annotation-api.jar;E:\Program Files\NetBeans 8.2\enterprise\modules\ext\javaee7-endorsed\javax.xml.soap-api.jar;E:\Program Files\NetBeans 8.2\enterprise\modules\ext\javaee7-endorsed\jaxb-api-osgi.jar;E:\Program Files\NetBeans 8.2\enterprise\modules\ext\javaee7-endorsed\jaxws-api.jar;E:\Program Files\NetBeans 8.2\enterprise\modules\ext\javaee7-endorsed\jsr181-api.jar" />
    <property name="libs.metro.javadoc" value="E:\Program Files\NetBeans 8.2\enterprise\docs\metro-1.4-doc.zip" />
    <property name="libs.struts.maven-pom" value="" />
    <property name="ant.file.jfx-impl" value="E:\NetBeansProjects\AutomaticDatabaseUpdater\nbproject\jfx-impl.xml" />
    <property name="netbeans.home+have.tests" value="true" />
    <property name="annotation.processing.processor.options" value="" />
    <property name="libs.testng.maven-pom" value="" />
    <property name="libs.jaxb.src" value="" />
    <property name="jdk.launcher.addexports.5" value="java.management/sun.management=ALL-UNNAMED" />
    <property name="jdk.launcher.addexports.4" value="java.desktop/com.sun.java.swing.plaf.windows=ALL-UNNAMED" />
    <property name="work.dir" value="E:\NetBeansProjects\AutomaticDatabaseUpdater" />
    <property name="jdk.launcher.addexports.3" value="java.desktop/sun.awt.im=ALL-UNNAMED" />
    <property name="libs.jaxb.classpath" value="E:\Program Files\NetBeans 8.2\ide\modules\ext\jaxb\jaxb-impl.jar;E:\Program Files\NetBeans 8.2\ide\modules\ext\jaxb\jaxb-xjc.jar;E:\Program Files\NetBeans 8.2\ide\modules\ext\jaxb\jaxb1-impl.jar;E:\Program Files\NetBeans 8.2\ide\modules\ext\jaxb\activation.jar;E:\Program Files\NetBeans 8.2\ide\modules\ext\jaxb\api\jaxb-api.jar;E:\Program Files\NetBeans 8.2\ide\modules\ext\jaxb\api\jsr173_1.0_api.jar" />
    <property name="compile.on.save.unsupported.javafx" value="true" />
    <property name="jdk.launcher.addexports.2" value="java.desktop/java.awt.peer=ALL-UNNAMED" />
    <property name="jdk.launcher.addexports.1" value="java.base/jdk.internal.jrtfs=ALL-UNNAMED" />
    <property name="jdk.launcher.addexports.0" value="java.desktop/sun.awt=ALL-UNNAMED" />
    <property name="do.depend" value="false" />
    <property name="libs.j2me_common_ant.classpath" value="E:\Program Files\NetBeans 8.2\mobility\modules\org-netbeans-modules-j2me-common-ant.jar;E:\Program Files\NetBeans 8.2\java\modules\org-netbeans-modules-classfile.jar" />
    <property name="dist.javadoc.dir" value="dist/javadoc" />
    <property name="libs.spring-webmvc3.0.classpath" value="E:\Program Files\NetBeans 8.2\java\modules\ext\spring-3.0\spring-webmvc-3.2.7.RELEASE.jar" />
    <property name="libs.swing-layout.classpath" value="E:\Program Files\NetBeans 8.2\platform\modules\ext\swing-layout-1.0.4.jar" />
    <property name="libs.javaee-web-api-7.0.maven-pom" value="" />
    <property name="libs.restlib.src" value="" />
    <property name="javac.source" value="1.8" />
    <property name="build.generated.dir" value="build/generated" />
    <property name="javafx.fallback.class" value="com.javafx.main.NoJavaFXFallback" />
    <property name="line.separator" value="&#xd;&#xa;" />
    <property name="java.specification.version" value="1.8" />
    <property name="libs.jaxws21.maven-pom" value="" />
    <property name="java.vm.info" value="mixed mode" />
    <property name="file.reference.postgresql-9.4.1209.jar" value="E:\Program Files\NetBeans 8.2\ide\modules\ext\postgresql-9.4.1209.jar" />
    <property name="nb.junit.batch" value="true" />
    <property name="junit.forkmode" value="perTest" />
    <property name="file.reference.hamcrest-core-1.3.jar" value="E:\Program Files\NetBeans 8.2\platform\modules\ext\hamcrest-core-1.3.jar" />
    <property name="sun.boot.class.path" value="E:\Program Files\Java\jdk1.8.0_144\jre\lib\resources.jar;E:\Program Files\Java\jdk1.8.0_144\jre\lib\rt.jar;E:\Program Files\Java\jdk1.8.0_144\jre\lib\sunrsasign.jar;E:\Program Files\Java\jdk1.8.0_144\jre\lib\jsse.jar;E:\Program Files\Java\jdk1.8.0_144\jre\lib\jce.jar;E:\Program Files\Java\jdk1.8.0_144\jre\lib\charsets.jar;E:\Program Files\Java\jdk1.8.0_144\jre\lib\jfr.jar;E:\Program Files\Java\jdk1.8.0_144\jre\classes" />
    <property name="javac.target" value="1.8" />
    <property name="built-jar.properties" value="E:\NetBeansProjects\AutomaticDatabaseUpdater\build\built-jar.properties" />
    <property name="build.test.classes.dir" value="build/test/classes" />
    <property name="src.dir" value="src" />
    <property name="libs.jpa2-persistence.src" value="" />
    <property name="annotation.processing.enabled" value="true" />
    <property name="sun.awt.keepWorkingSetOnMinimize" value="true" />
    <property name="file.reference.commons-io-2.5.jar" value="E:\Program Files\NetBeans 8.2\ide\modules\ext\commons-io-2.5.jar" />
    <property name="libs.jsf20.src" value="" />
    <property name="libs.jpa20-persistence.src" value="" />
    <property name="libs.DataBindingME-SVG.maven-pom" value="" />
    <property name="libs.jsf12.src" value="" />
    <property name="libs.struts.javadoc" value="E:\Program Files\NetBeans 8.2\enterprise\docs\struts-1.3.10-javadoc.zip" />
    <property name="javafx.enable.concurrent.external.runs" value="false" />
    <property name="libs.javaee-web-api-7.0.src" value="" />
    <property name="libs.primefaces.src" value="" />
    <property name="javafx.deploy.embedJNLP" value="true" />
    <property name="dist.dir" value="dist" />
    <property name="libs.groovy-all.javadoc" value="" />
    <property name="testng.debug.mode" value="" />
    <property name="libs.groovy-all.classpath" value="E:\Program Files\NetBeans 8.2\groovy\modules\ext\groovy-all.jar" />
    <property name="javac.fork" value="false" />
    <property name="java.awt.printerjob" value="sun.awt.windows.WPrinterJob" />
    <property name="default.javac.source" value="1.8" />
    <property name="debug-transport-by-os" value="dt_shmem" />
    <property name="sun.jnu.encoding" value="Cp1250" />
    <property name="libs.MySQLDriver.src" value="" />
    <property name="java.runtime.version" value="1.8.0_144-b01" />
    <property name="build.test.results.dir" value="build/test/results" />
    <property name="javafx.run.inbrowser" value="&lt;Default System Browser&gt;" />
    <property name="default.javac.target" value="1.8" />
    <property name="libs.junit_4.classpath" value="E:\Program Files\NetBeans 8.2\platform\modules\ext\junit-4.12.jar" />
    <property name="user.timezone" value="" />
    <property name="nb.junit.single" value="false" />
    <property name="do.jar" value="true" />
    <property name="libs.javaee-endorsed-api-6.0.maven-pom" value="" />
    <property name="netbeans.dirs" value="E:\Program Files\NetBeans 8.2\nb;E:\Program Files\NetBeans 8.2\ergonomics;E:\Program Files\NetBeans 8.2\ide;E:\Program Files\NetBeans 8.2\extide;E:\Program Files\NetBeans 8.2\java;E:\Program Files\NetBeans 8.2\apisupport;E:\Program Files\NetBeans 8.2\webcommon;E:\Program Files\NetBeans 8.2\websvccommon;E:\Program Files\NetBeans 8.2\enterprise;E:\Program Files\NetBeans 8.2\mobility;E:\Program Files\NetBeans 8.2\profiler;E:\Program Files\NetBeans 8.2\python;E:\Program Files\NetBeans 8.2\php;E:\Program Files\NetBeans 8.2\identity;E:\Program Files\NetBeans 8.2\harness;E:\Program Files\NetBeans 8.2\cnd;E:\Program Files\NetBeans 8.2\cndext;E:\Program Files\NetBeans 8.2\dlight;E:\Program Files\NetBeans 8.2\groovy;E:\Program Files\NetBeans 8.2\extra;E:\Program Files\NetBeans 8.2\javacard;E:\Program Files\NetBeans 8.2\javafx" />
    <property name="libs.jsf20.javadoc" value="E:\Program Files\NetBeans 8.2\enterprise\docs\javaee-doc-api.jar" />
    <property name="libs.jstl.javadoc" value="E:\Program Files\NetBeans 8.2\enterprise\docs\javaee-doc-api.jar" />
    <property name="java.ext.dirs" value="E:\Program Files\Java\jdk1.8.0_144\jre\lib\ext;C:\Windows\Sun\Java\lib\ext" />
    <property name="libs.metro.src" value="" />
    <property name="endorsed.classpath" value="" />
    <property name="libs.absolutelayout.classpath" value="E:\Program Files\NetBeans 8.2\java\modules\ext\AbsoluteLayout.jar" />
    <property name="excludes" value="" />
    <property name="libs.metro.classpath" value="E:\Program Files\NetBeans 8.2\ide\modules\ext\jaxb\activation.jar;E:\Program Files\NetBeans 8.2\enterprise\modules\ext\metro\webservices-api.jar;E:\Program Files\NetBeans 8.2\enterprise\modules\ext\metro\webservices-extra-api.jar;E:\Program Files\NetBeans 8.2\enterprise\modules\ext\metro\webservices-extra.jar;E:\Program Files\NetBeans 8.2\enterprise\modules\ext\metro\webservices-rt.jar;E:\Program Files\NetBeans 8.2\enterprise\modules\ext\metro\webservices-tools.jar" />
    <property name="libs.restlib.maven-pom" value="" />
    <property name="libs.jpa2-persistence.javadoc" value="E:\Program Files\NetBeans 8.2\java\modules\ext\docs\javax.persistence-2.1.0-doc.zip" />
    <property name="libs.DataBindingME.javadoc" value="E:\Program Files\NetBeans 8.2\mobility\modules\docs\netbeans_databindingme-api.zip" />
    <property name="apple.laf.useScreenMenuBar" value="true" />
    <property name="java.class.path" value="E:\Program Files\Java\jdk1.8.0_144\jre\lib\javaws.jar;E:\Program Files\Java\jdk1.8.0_144\jre\lib\deploy.jar;E:\Program Files\Java\jdk1.8.0_144\jre\lib\plugin.jar;E:\Program Files\NetBeans 8.2\ide\modules\ext\postgresql-9.4.1209.jar;E:\Program Files\NetBeans 8.2\ide\modules\ext\commons-io-2.5-javadoc.jar;E:\Program Files\NetBeans 8.2\ide\modules\ext\commons-io-2.5.jar;E:\Program Files\NetBeans 8.2\ide\modules\ext\postgresql-42.0.0.jar;E:\Program Files\NetBeans 8.2\platform\modules\ext\junit-4.12.jar;E:\Program Files\NetBeans 8.2\platform\modules\ext\hamcrest-core-1.3.jar;E:\NetBeansProjects\AutomaticDatabaseUpdater\build\classes;E:\NetBeansProjects\AutomaticDatabaseUpdater\build\test\classes;E:\Program Files\NetBeans 8.2\extide\ant\lib\ant-launcher.jar;E:\Program Files\NetBeans 8.2\extide\ant\lib\ant.jar;E:\Program Files\NetBeans 8.2\extide\ant\lib\ant-junit.jar;E:\Program Files\NetBeans 8.2\extide\ant\lib\ant-junit4.jar" />
    <property name="libs.absolutelayout.src" value="" />
    <property name="libs.jpa20-persistence.classpath" value="E:\Program Files\NetBeans 8.2\java\modules\ext\eclipselink\javax.persistence_2.1.0.v201304241213.jar" />
    <property name="os.version" value="6.1" />
    <property name="application.args" value="" />
    <property name="manifest.custom.permissions" value="" />
    <property name="libs.javaee-api-7.0.maven-pom" value="" />
    <property name="main.class.available" value="true" />
    <property name="sun.awt.enableExtraMouseButtons" value="true" />
    <property name="sun.desktop" value="windows" />
    <property name="libs.hibernate4-persistence.src" value="" />
    <property name="libs.hibernate4-support.maven-pom" value="" />
    <property name="javafx.deploy.allowoffline" value="true" />
    <property name="libs.restlib.javadoc" value="" />
    <property name="libs.JAXB-ENDORSED.classpath" value="E:\Program Files\NetBeans 8.2\ide\modules\ext\jaxb\api\jaxb-api.jar" />
    <property name="nb.internal.action.name" value="run.single" />
    <property name="libs.javaee-api-7.0.javadoc" value="E:\Program Files\NetBeans 8.2\enterprise\docs\javaee-doc-api.jar" />
    <property name="libs.eclipselink.classpath" value="E:\Program Files\NetBeans 8.2\java\modules\ext\eclipselink\eclipselink.jar;E:\Program Files\NetBeans 8.2\java\modules\ext\eclipselink\javax.persistence_2.1.0.v201304241213.jar;E:\Program Files\NetBeans 8.2\java\modules\ext\eclipselink\org.eclipse.persistence.jpa.jpql_2.5.2.v20140319-9ad6abd.jar" />
    <property name="java.awt.graphicsenv" value="sun.awt.Win32GraphicsEnvironment" />
    <property name="libs.beans-binding.javadoc" value="E:\Program Files\NetBeans 8.2\java\docs\beansbinding-1.2.1-doc.zip" />
    <property name="java.vm.vendor" value="Oracle Corporation" />
    <property name="libs.CopyLibs.classpath" value="E:\Program Files\NetBeans 8.2\java\ant\extra\org-netbeans-modules-java-j2seproject-copylibstask.jar" />
    <property name="libs.spring-framework300.classpath" value="E:\Program Files\NetBeans 8.2\ide\modules\org-apache-commons-logging.jar;E:\Program Files\NetBeans 8.2\java\modules\ext\cglib-2.2.jar;E:\Program Files\NetBeans 8.2\java\modules\ext\spring-3.0\spring-aop-3.2.7.RELEASE.jar;E:\Program Files\NetBeans 8.2\java\modules\ext\spring-3.0\spring-aspects-3.2.7.RELEASE.jar;E:\Program Files\NetBeans 8.2\java\modules\ext\spring-3.0\spring-beans-3.2.7.RELEASE.jar;E:\Program Files\NetBeans 8.2\java\modules\ext\spring-3.0\spring-build-src-3.2.7.RELEASE.jar;E:\Program Files\NetBeans 8.2\java\modules\ext\spring-3.0\spring-context-3.2.7.RELEASE.jar;E:\Program Files\NetBeans 8.2\java\modules\ext\spring-3.0\spring-context-support-3.2.7.RELEASE.jar;E:\Program Files\NetBeans 8.2\java\modules\ext\spring-3.0\spring-core-3.2.7.RELEASE.jar;E:\Program Files\NetBeans 8.2\java\modules\ext\spring-3.0\spring-expression-3.2.7.RELEASE.jar;E:\Program Files\NetBeans 8.2\java\modules\ext\spring-3.0\spring-framework-bom-3.2.7.RELEASE.jar;E:\Program Files\NetBeans 8.2\java\modules\ext\spring-3.0\spring-instrument-3.2.7.RELEASE.jar;E:\Program Files\NetBeans 8.2\java\modules\ext\spring-3.0\spring-instrument-tomcat-3.2.7.RELEASE.jar;E:\Program Files\NetBeans 8.2\java\modules\ext\spring-3.0\spring-jdbc-3.2.7.RELEASE.jar;E:\Program Files\NetBeans 8.2\java\modules\ext\spring-3.0\spring-jms-3.2.7.RELEASE.jar;E:\Program Files\NetBeans 8.2\java\modules\ext\spring-3.0\spring-orm-3.2.7.RELEASE.jar;E:\Program Files\NetBeans 8.2\java\modules\ext\spring-3.0\spring-oxm-3.2.7.RELEASE.jar;E:\Program Files\NetBeans 8.2\java\modules\ext\spring-3.0\spring-struts-3.2.7.RELEASE.jar;E:\Program Files\NetBeans 8.2\java\modules\ext\spring-3.0\spring-test-3.2.7.RELEASE.jar;E:\Program Files\NetBeans 8.2\java\modules\ext\spring-3.0\spring-tx-3.2.7.RELEASE.jar;E:\Program Files\NetBeans 8.2\java\modules\ext\spring-3.0\spring-web-3.2.7.RELEASE.jar;E:\Program Files\NetBeans 8.2\java\modules\ext\spring-3.0\spring-webmvc-3.2.7.RELEASE.jar;E:\Program Files\NetBeans 8.2\java\modules\ext\spring-3.0\spring-webmvc-portlet-3.2.7.RELEASE.jar" />
    <property name="libs.jsp-compiler.maven-pom" value="" />
    <property name="libs.hamcrest.src" value="" />
    <property name="run.jvmargs" value="" />
    <property name="libs.hibernate4-persistence.classpath" value="E:\Program Files\NetBeans 8.2\java\modules\ext\hibernate4\antlr-2.7.7.jar;E:\Program Files\NetBeans 8.2\java\modules\ext\hibernate4\c3p0-0.9.2.1.jar;E:\Program Files\NetBeans 8.2\java\modules\ext\hibernate4\hibernate-c3p0-4.3.1.Final.jar;E:\Program Files\NetBeans 8.2\java\modules\ext\hibernate4\mchange-commons-java-0.2.3.4.jar;E:\Program Files\NetBeans 8.2\java\modules\ext\hibernate4\dom4j-1.6.1.jar;E:\Program Files\NetBeans 8.2\java\modules\ext\hibernate4\ehcache-core-2.4.3.jar;E:\Program Files\NetBeans 8.2\java\modules\ext\hibernate4\hibernate-ehcache-4.3.1.Final.jar;E:\Program Files\NetBeans 8.2\java\modules\ext\hibernate4\hibernate-core-4.3.1.Final.jar;E:\Program Files\NetBeans 8.2\java\modules\ext\hibernate4\jboss-logging-3.1.3.GA.jar;E:\Program Files\NetBeans 8.2\java\modules\ext\hibernate4\hibernate-commons-annotations-4.0.4.Final.jar;E:\Program Files\NetBeans 8.2\java\modules\ext\hibernate4\hibernate-entitymanager-4.3.1.Final.jar;E:\Program Files\NetBeans 8.2\java\modules\ext\hibernate4\javassist-3.18.1-GA.jar;E:\Program Files\NetBeans 8.2\java\modules\ext\hibernate4\jboss-transaction-api_1.2_spec-1.0.0.Final.jar;E:\Program Files\NetBeans 8.2\java\modules\ext\hibernate4\slf4j-api-1.6.1.jar;E:\Program Files\NetBeans 8.2\java\modules\ext\hibernate4\slf4j-simple-1.6.1.jar;E:\Program Files\NetBeans 8.2\java\modules\ext\hibernate4\hibernate-jpa-2.1-api-1.0.0.Final.jar" />
    <property name="libs.JAXB-ENDORSED.src" value="" />
    <property name="libs.testng.javadoc" value="E:\Program Files\NetBeans 8.2\platform\docs\testng-6.8.1-javadoc.zip" />
    <property name="libs.DataBindingME-PIM.src" value="E:\Program Files\NetBeans 8.2\mobility\sources\netbeans_databindingme_pim-src.zip" />
    <property name="user.script" value="" />
    <property name="libs.PostgreSQLDriver.classpath" value="E:\Program Files\NetBeans 8.2\ide\modules\ext\postgresql-9.4.1209.jar" />
    <property name="libs.jsf12.maven-pom" value="" />
    <property name="libs.hibernate4-persistencemodelgen.classpath" value="E:\Program Files\NetBeans 8.2\java\modules\ext\hibernate4\hibernate-jpamodelgen-4.3.1.Final.jar" />
    <property name="annotation.processing.source.output" value="build/generated-sources/ap-source-output" />
    <property name="main.class" value="com.javafx.main.Main" />
    <property name="libs.CopyLibs.src" value="" />
    <property name="build.dir" value="build" />
    <property name="libs.jsp-compilation.classpath" value="E:\Program Files\NetBeans 8.2\extide\ant\lib\ant.jar;E:\Program Files\NetBeans 8.2\enterprise\modules\ext\servlet3.1-jsp2.3-api.jar;E:\Program Files\NetBeans 8.2\enterprise\modules\ext\glassfish-jspparser-4.0.jar;E:\Program Files\NetBeans 8.2\enterprise\modules\ext\jsf-2_2\javax.faces.jar;E:\Program Files\NetBeans 8.2\enterprise\modules\ext\jstl-api.jar;E:\Program Files\NetBeans 8.2\extide\ant\lib\ant-launcher.jar" />
    <property name="ant.version" value="Apache Ant(TM) version 1.9.7 compiled on April 9 2016" />
    <property name="file.encoding" value="Cp1250" />
    <property name="build.classes.excludes" value="**/*.java,**/*.form" />
    <property name="jdkBug6558476" value="false" />
    <property name="javadoc.nonavbar" value="false" />
    <property name="libs.spring-webmvc4.0.classpath" value="E:\Program Files\NetBeans 8.2\java\modules\ext\spring-4\spring-webmvc-4.0.1.RELEASE.jar" />
    <property name="platform.active" value="default_platform" />
    <property name="awt.toolkit" value="sun.awt.windows.WToolkit" />
    <property name="libs.javaee-web-api-7.0.javadoc" value="E:\Program Files\NetBeans 8.2\enterprise\docs\javaee-doc-api.jar" />
  </properties>
  <testcase classname="UnitTests.UnitTestLogHandler" name="testAddElement" time="0.0" />
  <testcase classname="UnitTests.UnitTestLogHandler" name="testClearLogList" time="0.001" />
  <system-out><![CDATA[]]></system-out>
  <system-err><![CDATA[]]></system-err>
</testsuite>
